 
****************************************
Report : area
Design : fpu
Version: H-2013.03-SP5-4
Date   : Wed Dec 18 13:37:19 2019
****************************************

Library(s) Used:

    saed32rvt_ff1p16v125c (File: /data3/Class/DSD/2019_2/2019_2_dsd33/lib/SAED32_EDK/saed32rvt_ff1p16v125c.db)

Number of ports:                          102
Number of nets:                          2695
Number of cells:                         2035
Number of combinational cells:           1662
Number of sequential cells:               352
Number of macros/black boxes:               0
Number of buf/inv:                        272
Number of references:                      59

Combinational area:              20672.581207
Buf/Inv area:                     3821.309211
Noncombinational area:            2438.765880
Macro/Black Box area:                0.000000
Net Interconnect area:            5083.499936

Total cell area:                 23111.347087
Total area:                      28194.847023
1
